
  “ People find pleasure in different ways. I find it in keeping my mind clear. ”
  — Marcus Aurelius


  “ Well begun is half done. ”
  — Aristotle


  “ Well begun is half done. ”
  — Aristotle


  “ Act only according to that maxim whereby you can, at the same time, will that it should become a universal law. ”
  — Immanuel Kant


  “ The biggest battle is the war against ignorance. ”
  — Mustafa Kemal Atatürk


  “ The only way to do great work is to love what you do. ”
  — Steve Jobs


  “ Happiness is not something readymade. It comes from your own actions. ”
  — Dalai Lama


  “ Waste no more time arguing what a good man should be, be one. ”
  — Marcus Aurelius


  “ Simplicity is the consequence of refined emotions. ”
  — Jean D'Alembert


  “ Order your soul. Reduce your wants. ”
  — Augustine


  “ Walk as if you are kissing the Earth with your feet. ”
  — Thich Nhat Hanh


  “ Very little is needed to make a happy life. ”
  — Marcus Aurelius


  “ Happiness is not something readymade. It comes from your own actions. ”
  — Dalai Lama


  “ Nothing in life is to be feared, it is only to be understood. Now is the time to understand more, so that we may fear less. ”
  — Marie Curie


  “ Waste no more time arguing what a good man should be, be one. ”
  — Marcus Aurelius


  “ Breathing in, I calm body and mind. Breathing out, I smile. ”
  — Thich Nhat Hanh


  “ He who is contented is rich. ”
  — Laozi


  “ I have not failed. I've just found 10,000 ways that won't work. ”
  — Thomas Edison


  “ The only way to do great work is to love what you do. ”
  — Steve Jobs


  “ Smile, breathe, and go slowly. ”
  — Thich Nhat Hanh


  “ You must be the change you wish to see in the world. ”
  — Mahatma Gandhi


  “ Simplicity is the essence of happiness. ”
  — Cedric Bledsoe


  “ Knowing is not enough; we must apply. Being willing is not enough; we must do. ”
  — Leonardo da Vinci


  “ I have not failed. I've just found 10,000 ways that won't work. ”
  — Thomas Edison


  “ It is quality rather than quantity that matters. ”
  — Lucius Annaeus Seneca


  “ The best way to take care of the future is to take care of the present moment. ”
  — Thich Nhat Hanh


  “ Knowing is not enough; we must apply. Being willing is not enough; we must do. ”
  — Leonardo da Vinci


  “ Simplicity is the ultimate sophistication. ”
  — Leonardo da Vinci


  “ Always remember that you are absolutely unique. Just like everyone else. ”
  — Margaret Mead


  “ When there is no desire, all things are at peace. ”
  — Laozi


  “ Life is available only in the present moment. ”
  — Thich Nhat Hanh


  “ Happiness is not something readymade. It comes from your own actions. ”
  — Dalai Lama


  “ Order your soul. Reduce your wants. ”
  — Augustine


  “ Walk as if you are kissing the Earth with your feet. ”
  — Thich Nhat Hanh

^C